<?xml version="1.0" encoding="UTF-8"?>
<testsuites name="PublicUser_URL" time="20.782" tests="4" failures="1" skips="0" errors="3">
   <testsuite name="PublicUser_URL" tests="4" failures="1" errors="3" time="20.782" skips="0" timestamp="2021-02-15 23:05:42" hostname="ashok - OMTPGCN1132568L" id="Test Suites/Regression_Suite/PublicUser_Suite/PublicUser_URL">
      <properties>
         <property name="deviceName" value=""/>
         <property name="devicePlatform" value=""/>
         <property name="logFolder" value="E:\\Inspect\\15022021\\SiteInspectAutomation\\Reports\\20210215_224649\\Regression_Suite\\PublicUser_Suite\\PublicUser_URL\\20210215_224652"/>
         <property name="logFiles" value="E:\\Inspect\\15022021\\SiteInspectAutomation\\Reports\\20210215_224649\\Regression_Suite\\PublicUser_Suite\\PublicUser_URL\\20210215_224652\\execution0.log"/>
         <property name="attachments" value="E:\\Inspect\\15022021\\SiteInspectAutomation\\Reports\\20210215_224649\\Regression_Suite\\PublicUser_Suite\\PublicUser_URL\\20210215_224652\\1613410562552.png"/>
         <property name="hostName" value="ashok - OMTPGCN1132568L"/>
         <property name="os" value="Windows 10 64bit"/>
         <property name="katalonVersion" value="7.8.2.208"/>
         <property name="browser" value="Firefox 85.0"/>
         <property name="hostAddress" value="192.168.1.1"/>
         <property name="sessionId" value="bdd69a24-44b9-4207-a56f-a90de4527ac6"/>
         <property name="seleniumVersion" value="3.141.59"/>
         <property name="proxyInformation" value="ProxyInformation { proxyOption=NO_PROXY, proxyServerType=HTTP, username=, password=********, proxyServerAddress=, proxyServerPort=0, executionList=&quot;&quot;, isApplyToDesiredCapabilities=true }"/>
         <property name="platform" value="Windows 10"/>
      </properties>
      <testcase name="Test Cases/UploadDiffURLs_PublicUser/TC_As a public user, Successfully submit the URL" time="1.363" classname="Test Cases/UploadDiffURLs_PublicUser/TC_As a public user, Successfully submit the URL" status="ERROR">
         <error type="ERROR" message="Test Cases/UploadDiffURLs_PublicUser/TC_As a public user, Successfully submit the URL FAILED.
Reason:
java.lang.IllegalArgumentException: Invalid row index 370 for test data 'E:\Inspect\15022021\SiteInspectAutomation\Project_ReqFiles\Auto_TestData\SITE_InspectAutoTestData.xlsx'. Row index must be between 1..292
	at com.kms.katalon.core.testdata.AbstractTestData.verifyRowIndex(AbstractTestData.java:54)
	at com.kms.katalon.core.testdata.AbstractTestData.getObjectValue(AbstractTestData.java:121)
	at com.kms.katalon.core.testdata.AbstractTestData.getValue(AbstractTestData.java:94)
	at com.kms.katalon.core.testdata.TestData$getValue.call(Unknown Source)
	at TC_As a public user, Successfully submit the URL.run(TC_As a public user, Successfully submit the URL:12)
	at com.kms.katalon.core.main.ScriptEngine.run(ScriptEngine.java:194)
	at com.kms.katalon.core.main.ScriptEngine.runScriptAsRawText(ScriptEngine.java:119)
	at com.kms.katalon.core.main.TestCaseExecutor.runScript(TestCaseExecutor.java:394)
	at com.kms.katalon.core.main.TestCaseExecutor.doExecute(TestCaseExecutor.java:385)
	at com.kms.katalon.core.main.TestCaseExecutor.processExecutionPhase(TestCaseExecutor.java:364)
	at com.kms.katalon.core.main.TestCaseExecutor.accessMainPhase(TestCaseExecutor.java:356)
	at com.kms.katalon.core.main.TestCaseExecutor.execute(TestCaseExecutor.java:251)
	at com.kms.katalon.core.main.TestSuiteExecutor.accessTestCaseMainPhase(TestSuiteExecutor.java:203)
	at com.kms.katalon.core.main.TestSuiteExecutor.accessTestSuiteMainPhase(TestSuiteExecutor.java:152)
	at com.kms.katalon.core.main.TestSuiteExecutor.execute(TestSuiteExecutor.java:95)
	at com.kms.katalon.core.main.TestCaseMain.startTestSuite(TestCaseMain.java:157)
	at com.kms.katalon.core.main.TestCaseMain$startTestSuite$0.call(Unknown Source)
	at TempTestSuite1613409412592.run(TempTestSuite1613409412592.groovy:39)
"/>
         <system-out><![CDATA[2021-02-15 23:05:44 - [TEST_CASE][ERROR] - Test Cases/UploadDiffURLs_PublicUser/TC_As a public user, Successfully submit the URL: Test Cases/UploadDiffURLs_PublicUser/TC_As a public user, Successfully submit the URL FAILED.
Reason:
java.lang.IllegalArgumentException: Invalid row index 370 for test data 'E:\Inspect\15022021\SiteInspectAutomation\Project_ReqFiles\Auto_TestData\SITE_InspectAutoTestData.xlsx'. Row index must be between 1..292
	at com.kms.katalon.core.testdata.AbstractTestData.verifyRowIndex(AbstractTestData.java:54)
	at com.kms.katalon.core.testdata.AbstractTestData.getObjectValue(AbstractTestData.java:121)
	at com.kms.katalon.core.testdata.AbstractTestData.getValue(AbstractTestData.java:94)
	at com.kms.katalon.core.testdata.TestData$getValue.call(Unknown Source)
	at TC_As a public user, Successfully submit the URL.run(TC_As a public user, Successfully submit the URL:12)
	at com.kms.katalon.core.main.ScriptEngine.run(ScriptEngine.java:194)
	at com.kms.katalon.core.main.ScriptEngine.runScriptAsRawText(ScriptEngine.java:119)
	at com.kms.katalon.core.main.TestCaseExecutor.runScript(TestCaseExecutor.java:394)
	at com.kms.katalon.core.main.TestCaseExecutor.doExecute(TestCaseExecutor.java:385)
	at com.kms.katalon.core.main.TestCaseExecutor.processExecutionPhase(TestCaseExecutor.java:364)
	at com.kms.katalon.core.main.TestCaseExecutor.accessMainPhase(TestCaseExecutor.java:356)
	at com.kms.katalon.core.main.TestCaseExecutor.execute(TestCaseExecutor.java:251)
	at com.kms.katalon.core.main.TestSuiteExecutor.accessTestCaseMainPhase(TestSuiteExecutor.java:203)
	at com.kms.katalon.core.main.TestSuiteExecutor.accessTestSuiteMainPhase(TestSuiteExecutor.java:152)
	at com.kms.katalon.core.main.TestSuiteExecutor.execute(TestSuiteExecutor.java:95)
	at com.kms.katalon.core.main.TestCaseMain.startTestSuite(TestCaseMain.java:157)
	at com.kms.katalon.core.main.TestCaseMain$startTestSuite$0.call(Unknown Source)
	at TempTestSuite1613409412592.run(TempTestSuite1613409412592.groovy:39)


2021-02-15 23:05:44 - [TEST_STEP][PASSED] - excelTestData = findTestData("Data Files/TestData/InspectTestData"): null

2021-02-15 23:05:45 - [TEST_STEP][PASSED] - sampleURL = excelTestData.getValue(2, 370): null

2021-02-15 23:05:45 - [TEST_STEP][PASSED] - Start tear down : tearDownMethodIfError: Method 'tearDownMethodIfError' complete successfully

2021-02-15 23:05:45 - [TEST_STEP][PASSED] - customKeywords.commanFunctions.onlyCloseBrowser(): customKeywords.commanFunctions.onlyCloseBrowser is PASSED

2021-02-15 23:05:45 - [MESSAGE][PASSED] - Browser is closed

2021-02-15 23:05:45 - [MESSAGE][PASSED] - customKeywords.commanFunctions.onlyCloseBrowser is PASSED

2021-02-15 23:05:45 - [TEST_STEP][PASSED] - logInfo("[--------This is tearDownIfError method------]"): [--------This is tearDownIfError method------]

2021-02-15 23:05:45 - [MESSAGE][INFO] - [--------This is tearDownIfError method------]

2021-02-15 23:05:45 - [MESSAGE][PASSED] - Method 'tearDownMethodIfError' complete successfully]]></system-out>
         <system-err><![CDATA[2021-02-15 23:05:44 - [TEST_CASE][ERROR] - Test Cases/UploadDiffURLs_PublicUser/TC_As a public user, Successfully submit the URL: Test Cases/UploadDiffURLs_PublicUser/TC_As a public user, Successfully submit the URL FAILED.
Reason:
java.lang.IllegalArgumentException: Invalid row index 370 for test data 'E:\Inspect\15022021\SiteInspectAutomation\Project_ReqFiles\Auto_TestData\SITE_InspectAutoTestData.xlsx'. Row index must be between 1..292
	at com.kms.katalon.core.testdata.AbstractTestData.verifyRowIndex(AbstractTestData.java:54)
	at com.kms.katalon.core.testdata.AbstractTestData.getObjectValue(AbstractTestData.java:121)
	at com.kms.katalon.core.testdata.AbstractTestData.getValue(AbstractTestData.java:94)
	at com.kms.katalon.core.testdata.TestData$getValue.call(Unknown Source)
	at TC_As a public user, Successfully submit the URL.run(TC_As a public user, Successfully submit the URL:12)
	at com.kms.katalon.core.main.ScriptEngine.run(ScriptEngine.java:194)
	at com.kms.katalon.core.main.ScriptEngine.runScriptAsRawText(ScriptEngine.java:119)
	at com.kms.katalon.core.main.TestCaseExecutor.runScript(TestCaseExecutor.java:394)
	at com.kms.katalon.core.main.TestCaseExecutor.doExecute(TestCaseExecutor.java:385)
	at com.kms.katalon.core.main.TestCaseExecutor.processExecutionPhase(TestCaseExecutor.java:364)
	at com.kms.katalon.core.main.TestCaseExecutor.accessMainPhase(TestCaseExecutor.java:356)
	at com.kms.katalon.core.main.TestCaseExecutor.execute(TestCaseExecutor.java:251)
	at com.kms.katalon.core.main.TestSuiteExecutor.accessTestCaseMainPhase(TestSuiteExecutor.java:203)
	at com.kms.katalon.core.main.TestSuiteExecutor.accessTestSuiteMainPhase(TestSuiteExecutor.java:152)
	at com.kms.katalon.core.main.TestSuiteExecutor.execute(TestSuiteExecutor.java:95)
	at com.kms.katalon.core.main.TestCaseMain.startTestSuite(TestCaseMain.java:157)
	at com.kms.katalon.core.main.TestCaseMain$startTestSuite$0.call(Unknown Source)
	at TempTestSuite1613409412592.run(TempTestSuite1613409412592.groovy:39)]]></system-err>
      </testcase>
      <testcase name="Test Cases/UploadDiffURLs_PublicUser/TC_As a public user, Successfully submit the URLWithPathParameters" time="0.455" classname="Test Cases/UploadDiffURLs_PublicUser/TC_As a public user, Successfully submit the URLWithPathParameters" status="ERROR">
         <error type="ERROR" message="Test Cases/UploadDiffURLs_PublicUser/TC_As a public user, Successfully submit the URLWithPathParameters FAILED.
Reason:
java.lang.IllegalArgumentException: Invalid row index 374 for test data 'E:\Inspect\15022021\SiteInspectAutomation\Project_ReqFiles\Auto_TestData\SITE_InspectAutoTestData.xlsx'. Row index must be between 1..292
	at com.kms.katalon.core.testdata.AbstractTestData.verifyRowIndex(AbstractTestData.java:54)
	at com.kms.katalon.core.testdata.AbstractTestData.getObjectValue(AbstractTestData.java:121)
	at com.kms.katalon.core.testdata.AbstractTestData.getValue(AbstractTestData.java:94)
	at com.kms.katalon.core.testdata.TestData$getValue.call(Unknown Source)
	at TC_As a public user, Successfully submit the URLWithPathParameters.run(TC_As a public user, Successfully submit the URLWithPathParameters:12)
	at com.kms.katalon.core.main.ScriptEngine.run(ScriptEngine.java:194)
	at com.kms.katalon.core.main.ScriptEngine.runScriptAsRawText(ScriptEngine.java:119)
	at com.kms.katalon.core.main.TestCaseExecutor.runScript(TestCaseExecutor.java:394)
	at com.kms.katalon.core.main.TestCaseExecutor.doExecute(TestCaseExecutor.java:385)
	at com.kms.katalon.core.main.TestCaseExecutor.processExecutionPhase(TestCaseExecutor.java:364)
	at com.kms.katalon.core.main.TestCaseExecutor.accessMainPhase(TestCaseExecutor.java:356)
	at com.kms.katalon.core.main.TestCaseExecutor.execute(TestCaseExecutor.java:251)
	at com.kms.katalon.core.main.TestSuiteExecutor.accessTestCaseMainPhase(TestSuiteExecutor.java:203)
	at com.kms.katalon.core.main.TestSuiteExecutor.accessTestSuiteMainPhase(TestSuiteExecutor.java:152)
	at com.kms.katalon.core.main.TestSuiteExecutor.execute(TestSuiteExecutor.java:95)
	at com.kms.katalon.core.main.TestCaseMain.startTestSuite(TestCaseMain.java:157)
	at com.kms.katalon.core.main.TestCaseMain$startTestSuite$0.call(Unknown Source)
	at TempTestSuite1613409412592.run(TempTestSuite1613409412592.groovy:39)
"/>
         <system-out><![CDATA[2021-02-15 23:05:45 - [TEST_CASE][ERROR] - Test Cases/UploadDiffURLs_PublicUser/TC_As a public user, Successfully submit the URLWithPathParameters: Test Cases/UploadDiffURLs_PublicUser/TC_As a public user, Successfully submit the URLWithPathParameters FAILED.
Reason:
java.lang.IllegalArgumentException: Invalid row index 374 for test data 'E:\Inspect\15022021\SiteInspectAutomation\Project_ReqFiles\Auto_TestData\SITE_InspectAutoTestData.xlsx'. Row index must be between 1..292
	at com.kms.katalon.core.testdata.AbstractTestData.verifyRowIndex(AbstractTestData.java:54)
	at com.kms.katalon.core.testdata.AbstractTestData.getObjectValue(AbstractTestData.java:121)
	at com.kms.katalon.core.testdata.AbstractTestData.getValue(AbstractTestData.java:94)
	at com.kms.katalon.core.testdata.TestData$getValue.call(Unknown Source)
	at TC_As a public user, Successfully submit the URLWithPathParameters.run(TC_As a public user, Successfully submit the URLWithPathParameters:12)
	at com.kms.katalon.core.main.ScriptEngine.run(ScriptEngine.java:194)
	at com.kms.katalon.core.main.ScriptEngine.runScriptAsRawText(ScriptEngine.java:119)
	at com.kms.katalon.core.main.TestCaseExecutor.runScript(TestCaseExecutor.java:394)
	at com.kms.katalon.core.main.TestCaseExecutor.doExecute(TestCaseExecutor.java:385)
	at com.kms.katalon.core.main.TestCaseExecutor.processExecutionPhase(TestCaseExecutor.java:364)
	at com.kms.katalon.core.main.TestCaseExecutor.accessMainPhase(TestCaseExecutor.java:356)
	at com.kms.katalon.core.main.TestCaseExecutor.execute(TestCaseExecutor.java:251)
	at com.kms.katalon.core.main.TestSuiteExecutor.accessTestCaseMainPhase(TestSuiteExecutor.java:203)
	at com.kms.katalon.core.main.TestSuiteExecutor.accessTestSuiteMainPhase(TestSuiteExecutor.java:152)
	at com.kms.katalon.core.main.TestSuiteExecutor.execute(TestSuiteExecutor.java:95)
	at com.kms.katalon.core.main.TestCaseMain.startTestSuite(TestCaseMain.java:157)
	at com.kms.katalon.core.main.TestCaseMain$startTestSuite$0.call(Unknown Source)
	at TempTestSuite1613409412592.run(TempTestSuite1613409412592.groovy:39)


2021-02-15 23:05:45 - [TEST_STEP][PASSED] - excelTestData = findTestData("Data Files/TestData/InspectTestData"): null

2021-02-15 23:05:45 - [TEST_STEP][PASSED] - sampleURL = excelTestData.getValue(2, 374): null

2021-02-15 23:05:45 - [TEST_STEP][PASSED] - Start tear down : tearDownMethodIfError: Method 'tearDownMethodIfError' complete successfully

2021-02-15 23:05:45 - [TEST_STEP][PASSED] - customKeywords.commanFunctions.onlyCloseBrowser(): customKeywords.commanFunctions.onlyCloseBrowser is PASSED

2021-02-15 23:05:46 - [MESSAGE][PASSED] - Browser is closed

2021-02-15 23:05:46 - [MESSAGE][PASSED] - customKeywords.commanFunctions.onlyCloseBrowser is PASSED

2021-02-15 23:05:46 - [TEST_STEP][PASSED] - logInfo("[--------This is tearDownIfError method------]"): [--------This is tearDownIfError method------]

2021-02-15 23:05:46 - [MESSAGE][INFO] - [--------This is tearDownIfError method------]

2021-02-15 23:05:46 - [MESSAGE][PASSED] - Method 'tearDownMethodIfError' complete successfully]]></system-out>
         <system-err><![CDATA[2021-02-15 23:05:45 - [TEST_CASE][ERROR] - Test Cases/UploadDiffURLs_PublicUser/TC_As a public user, Successfully submit the URLWithPathParameters: Test Cases/UploadDiffURLs_PublicUser/TC_As a public user, Successfully submit the URLWithPathParameters FAILED.
Reason:
java.lang.IllegalArgumentException: Invalid row index 374 for test data 'E:\Inspect\15022021\SiteInspectAutomation\Project_ReqFiles\Auto_TestData\SITE_InspectAutoTestData.xlsx'. Row index must be between 1..292
	at com.kms.katalon.core.testdata.AbstractTestData.verifyRowIndex(AbstractTestData.java:54)
	at com.kms.katalon.core.testdata.AbstractTestData.getObjectValue(AbstractTestData.java:121)
	at com.kms.katalon.core.testdata.AbstractTestData.getValue(AbstractTestData.java:94)
	at com.kms.katalon.core.testdata.TestData$getValue.call(Unknown Source)
	at TC_As a public user, Successfully submit the URLWithPathParameters.run(TC_As a public user, Successfully submit the URLWithPathParameters:12)
	at com.kms.katalon.core.main.ScriptEngine.run(ScriptEngine.java:194)
	at com.kms.katalon.core.main.ScriptEngine.runScriptAsRawText(ScriptEngine.java:119)
	at com.kms.katalon.core.main.TestCaseExecutor.runScript(TestCaseExecutor.java:394)
	at com.kms.katalon.core.main.TestCaseExecutor.doExecute(TestCaseExecutor.java:385)
	at com.kms.katalon.core.main.TestCaseExecutor.processExecutionPhase(TestCaseExecutor.java:364)
	at com.kms.katalon.core.main.TestCaseExecutor.accessMainPhase(TestCaseExecutor.java:356)
	at com.kms.katalon.core.main.TestCaseExecutor.execute(TestCaseExecutor.java:251)
	at com.kms.katalon.core.main.TestSuiteExecutor.accessTestCaseMainPhase(TestSuiteExecutor.java:203)
	at com.kms.katalon.core.main.TestSuiteExecutor.accessTestSuiteMainPhase(TestSuiteExecutor.java:152)
	at com.kms.katalon.core.main.TestSuiteExecutor.execute(TestSuiteExecutor.java:95)
	at com.kms.katalon.core.main.TestCaseMain.startTestSuite(TestCaseMain.java:157)
	at com.kms.katalon.core.main.TestCaseMain$startTestSuite$0.call(Unknown Source)
	at TempTestSuite1613409412592.run(TempTestSuite1613409412592.groovy:39)]]></system-err>
      </testcase>
      <testcase name="Test Cases/UploadDiffURLs_PublicUser/TC_As a public user, Successfully submit the URLWithQueryParameters" time="0.485" classname="Test Cases/UploadDiffURLs_PublicUser/TC_As a public user, Successfully submit the URLWithQueryParameters" status="ERROR">
         <error type="ERROR" message="Test Cases/UploadDiffURLs_PublicUser/TC_As a public user, Successfully submit the URLWithQueryParameters FAILED.
Reason:
java.lang.IllegalArgumentException: Invalid row index 378 for test data 'E:\Inspect\15022021\SiteInspectAutomation\Project_ReqFiles\Auto_TestData\SITE_InspectAutoTestData.xlsx'. Row index must be between 1..292
	at com.kms.katalon.core.testdata.AbstractTestData.verifyRowIndex(AbstractTestData.java:54)
	at com.kms.katalon.core.testdata.AbstractTestData.getObjectValue(AbstractTestData.java:121)
	at com.kms.katalon.core.testdata.AbstractTestData.getValue(AbstractTestData.java:94)
	at com.kms.katalon.core.testdata.TestData$getValue.call(Unknown Source)
	at TC_As a public user, Successfully submit the URLWithQueryParameters.run(TC_As a public user, Successfully submit the URLWithQueryParameters:12)
	at com.kms.katalon.core.main.ScriptEngine.run(ScriptEngine.java:194)
	at com.kms.katalon.core.main.ScriptEngine.runScriptAsRawText(ScriptEngine.java:119)
	at com.kms.katalon.core.main.TestCaseExecutor.runScript(TestCaseExecutor.java:394)
	at com.kms.katalon.core.main.TestCaseExecutor.doExecute(TestCaseExecutor.java:385)
	at com.kms.katalon.core.main.TestCaseExecutor.processExecutionPhase(TestCaseExecutor.java:364)
	at com.kms.katalon.core.main.TestCaseExecutor.accessMainPhase(TestCaseExecutor.java:356)
	at com.kms.katalon.core.main.TestCaseExecutor.execute(TestCaseExecutor.java:251)
	at com.kms.katalon.core.main.TestSuiteExecutor.accessTestCaseMainPhase(TestSuiteExecutor.java:203)
	at com.kms.katalon.core.main.TestSuiteExecutor.accessTestSuiteMainPhase(TestSuiteExecutor.java:152)
	at com.kms.katalon.core.main.TestSuiteExecutor.execute(TestSuiteExecutor.java:95)
	at com.kms.katalon.core.main.TestCaseMain.startTestSuite(TestCaseMain.java:157)
	at com.kms.katalon.core.main.TestCaseMain$startTestSuite$0.call(Unknown Source)
	at TempTestSuite1613409412592.run(TempTestSuite1613409412592.groovy:39)
"/>
         <system-out><![CDATA[2021-02-15 23:05:46 - [TEST_CASE][ERROR] - Test Cases/UploadDiffURLs_PublicUser/TC_As a public user, Successfully submit the URLWithQueryParameters: Test Cases/UploadDiffURLs_PublicUser/TC_As a public user, Successfully submit the URLWithQueryParameters FAILED.
Reason:
java.lang.IllegalArgumentException: Invalid row index 378 for test data 'E:\Inspect\15022021\SiteInspectAutomation\Project_ReqFiles\Auto_TestData\SITE_InspectAutoTestData.xlsx'. Row index must be between 1..292
	at com.kms.katalon.core.testdata.AbstractTestData.verifyRowIndex(AbstractTestData.java:54)
	at com.kms.katalon.core.testdata.AbstractTestData.getObjectValue(AbstractTestData.java:121)
	at com.kms.katalon.core.testdata.AbstractTestData.getValue(AbstractTestData.java:94)
	at com.kms.katalon.core.testdata.TestData$getValue.call(Unknown Source)
	at TC_As a public user, Successfully submit the URLWithQueryParameters.run(TC_As a public user, Successfully submit the URLWithQueryParameters:12)
	at com.kms.katalon.core.main.ScriptEngine.run(ScriptEngine.java:194)
	at com.kms.katalon.core.main.ScriptEngine.runScriptAsRawText(ScriptEngine.java:119)
	at com.kms.katalon.core.main.TestCaseExecutor.runScript(TestCaseExecutor.java:394)
	at com.kms.katalon.core.main.TestCaseExecutor.doExecute(TestCaseExecutor.java:385)
	at com.kms.katalon.core.main.TestCaseExecutor.processExecutionPhase(TestCaseExecutor.java:364)
	at com.kms.katalon.core.main.TestCaseExecutor.accessMainPhase(TestCaseExecutor.java:356)
	at com.kms.katalon.core.main.TestCaseExecutor.execute(TestCaseExecutor.java:251)
	at com.kms.katalon.core.main.TestSuiteExecutor.accessTestCaseMainPhase(TestSuiteExecutor.java:203)
	at com.kms.katalon.core.main.TestSuiteExecutor.accessTestSuiteMainPhase(TestSuiteExecutor.java:152)
	at com.kms.katalon.core.main.TestSuiteExecutor.execute(TestSuiteExecutor.java:95)
	at com.kms.katalon.core.main.TestCaseMain.startTestSuite(TestCaseMain.java:157)
	at com.kms.katalon.core.main.TestCaseMain$startTestSuite$0.call(Unknown Source)
	at TempTestSuite1613409412592.run(TempTestSuite1613409412592.groovy:39)


2021-02-15 23:05:46 - [TEST_STEP][PASSED] - excelTestData = findTestData("Data Files/TestData/InspectTestData"): null

2021-02-15 23:05:46 - [TEST_STEP][PASSED] - sampleURL = excelTestData.getValue(2, 378): null

2021-02-15 23:05:46 - [TEST_STEP][PASSED] - Start tear down : tearDownMethodIfError: Method 'tearDownMethodIfError' complete successfully

2021-02-15 23:05:46 - [TEST_STEP][PASSED] - customKeywords.commanFunctions.onlyCloseBrowser(): customKeywords.commanFunctions.onlyCloseBrowser is PASSED

2021-02-15 23:05:46 - [MESSAGE][PASSED] - Browser is closed

2021-02-15 23:05:46 - [MESSAGE][PASSED] - customKeywords.commanFunctions.onlyCloseBrowser is PASSED

2021-02-15 23:05:46 - [TEST_STEP][PASSED] - logInfo("[--------This is tearDownIfError method------]"): [--------This is tearDownIfError method------]

2021-02-15 23:05:46 - [MESSAGE][INFO] - [--------This is tearDownIfError method------]

2021-02-15 23:05:46 - [MESSAGE][PASSED] - Method 'tearDownMethodIfError' complete successfully]]></system-out>
         <system-err><![CDATA[2021-02-15 23:05:46 - [TEST_CASE][ERROR] - Test Cases/UploadDiffURLs_PublicUser/TC_As a public user, Successfully submit the URLWithQueryParameters: Test Cases/UploadDiffURLs_PublicUser/TC_As a public user, Successfully submit the URLWithQueryParameters FAILED.
Reason:
java.lang.IllegalArgumentException: Invalid row index 378 for test data 'E:\Inspect\15022021\SiteInspectAutomation\Project_ReqFiles\Auto_TestData\SITE_InspectAutoTestData.xlsx'. Row index must be between 1..292
	at com.kms.katalon.core.testdata.AbstractTestData.verifyRowIndex(AbstractTestData.java:54)
	at com.kms.katalon.core.testdata.AbstractTestData.getObjectValue(AbstractTestData.java:121)
	at com.kms.katalon.core.testdata.AbstractTestData.getValue(AbstractTestData.java:94)
	at com.kms.katalon.core.testdata.TestData$getValue.call(Unknown Source)
	at TC_As a public user, Successfully submit the URLWithQueryParameters.run(TC_As a public user, Successfully submit the URLWithQueryParameters:12)
	at com.kms.katalon.core.main.ScriptEngine.run(ScriptEngine.java:194)
	at com.kms.katalon.core.main.ScriptEngine.runScriptAsRawText(ScriptEngine.java:119)
	at com.kms.katalon.core.main.TestCaseExecutor.runScript(TestCaseExecutor.java:394)
	at com.kms.katalon.core.main.TestCaseExecutor.doExecute(TestCaseExecutor.java:385)
	at com.kms.katalon.core.main.TestCaseExecutor.processExecutionPhase(TestCaseExecutor.java:364)
	at com.kms.katalon.core.main.TestCaseExecutor.accessMainPhase(TestCaseExecutor.java:356)
	at com.kms.katalon.core.main.TestCaseExecutor.execute(TestCaseExecutor.java:251)
	at com.kms.katalon.core.main.TestSuiteExecutor.accessTestCaseMainPhase(TestSuiteExecutor.java:203)
	at com.kms.katalon.core.main.TestSuiteExecutor.accessTestSuiteMainPhase(TestSuiteExecutor.java:152)
	at com.kms.katalon.core.main.TestSuiteExecutor.execute(TestSuiteExecutor.java:95)
	at com.kms.katalon.core.main.TestCaseMain.startTestSuite(TestCaseMain.java:157)
	at com.kms.katalon.core.main.TestCaseMain$startTestSuite$0.call(Unknown Source)
	at TempTestSuite1613409412592.run(TempTestSuite1613409412592.groovy:39)]]></system-err>
      </testcase>
      <testcase name="Test Cases/UploadDiffURLs_PublicUser/TC_As public user , Trigger URL validation with invalid formats" time="16.894" classname="Test Cases/UploadDiffURLs_PublicUser/TC_As public user , Trigger URL validation with invalid formats" status="FAILED">
         <failure type="FAILED" message="Test Cases/UploadDiffURLs_PublicUser/TC_As public user , Trigger URL validation with invalid formats FAILED.
Reason:
com.kms.katalon.core.exception.StepFailedException: Unable to verify text 'URL format is not valid.' is present 
	at com.kms.katalon.core.webui.keyword.internal.WebUIKeywordMain.stepFailed(WebUIKeywordMain.groovy:64)
	at com.kms.katalon.core.webui.keyword.internal.WebUIKeywordMain.runKeyword(WebUIKeywordMain.groovy:26)
	at com.kms.katalon.core.webui.keyword.builtin.VerifyTextPresentKeyword.verifyTextPresent(VerifyTextPresentKeyword.groovy:83)
	at com.kms.katalon.core.webui.keyword.builtin.VerifyTextPresentKeyword.execute(VerifyTextPresentKeyword.groovy:68)
	at com.kms.katalon.core.keyword.internal.KeywordExecutor.executeKeywordForPlatform(KeywordExecutor.groovy:73)
	at com.kms.katalon.core.webui.keyword.WebUiBuiltInKeywords.verifyTextPresent(WebUiBuiltInKeywords.groovy:1720)
	at com.kms.katalon.core.webui.keyword.WebUiBuiltInKeywords$verifyTextPresent$5.call(Unknown Source)
	at TC_As public user , Trigger URL validation with invalid formats.run(TC_As public user , Trigger URL validation with invalid formats:24)
	at com.kms.katalon.core.main.ScriptEngine.run(ScriptEngine.java:194)
	at com.kms.katalon.core.main.ScriptEngine.runScriptAsRawText(ScriptEngine.java:119)
	at com.kms.katalon.core.main.TestCaseExecutor.runScript(TestCaseExecutor.java:394)
	at com.kms.katalon.core.main.TestCaseExecutor.doExecute(TestCaseExecutor.java:385)
	at com.kms.katalon.core.main.TestCaseExecutor.processExecutionPhase(TestCaseExecutor.java:364)
	at com.kms.katalon.core.main.TestCaseExecutor.accessMainPhase(TestCaseExecutor.java:356)
	at com.kms.katalon.core.main.TestCaseExecutor.execute(TestCaseExecutor.java:251)
	at com.kms.katalon.core.main.TestSuiteExecutor.accessTestCaseMainPhase(TestSuiteExecutor.java:203)
	at com.kms.katalon.core.main.TestSuiteExecutor.accessTestSuiteMainPhase(TestSuiteExecutor.java:152)
	at com.kms.katalon.core.main.TestSuiteExecutor.execute(TestSuiteExecutor.java:95)
	at com.kms.katalon.core.main.TestCaseMain.startTestSuite(TestCaseMain.java:157)
	at com.kms.katalon.core.main.TestCaseMain$startTestSuite$0.call(Unknown Source)
	at TempTestSuite1613409412592.run(TempTestSuite1613409412592.groovy:39)
Caused by: com.kms.katalon.core.exception.StepFailedException: Text 'URL format is not valid.' is not present on page 
	at com.kms.katalon.core.webui.keyword.internal.WebUIKeywordMain.stepFailed(WebUIKeywordMain.groovy:64)
	at com.kms.katalon.core.webui.keyword.builtin.VerifyTextPresentKeyword$_verifyTextPresent_closure1.doCall(VerifyTextPresentKeyword.groovy:79)
	at com.kms.katalon.core.webui.keyword.builtin.VerifyTextPresentKeyword$_verifyTextPresent_closure1.call(VerifyTextPresentKeyword.groovy)
	at com.kms.katalon.core.webui.keyword.internal.WebUIKeywordMain.runKeyword(WebUIKeywordMain.groovy:20)
	... 19 more
"/>
         <system-out><![CDATA[2021-02-15 23:05:46 - [TEST_CASE][FAILED] - Test Cases/UploadDiffURLs_PublicUser/TC_As public user , Trigger URL validation with invalid formats: Test Cases/UploadDiffURLs_PublicUser/TC_As public user , Trigger URL validation with invalid formats FAILED.
Reason:
com.kms.katalon.core.exception.StepFailedException: Unable to verify text 'URL format is not valid.' is present 
	at com.kms.katalon.core.webui.keyword.internal.WebUIKeywordMain.stepFailed(WebUIKeywordMain.groovy:64)
	at com.kms.katalon.core.webui.keyword.internal.WebUIKeywordMain.runKeyword(WebUIKeywordMain.groovy:26)
	at com.kms.katalon.core.webui.keyword.builtin.VerifyTextPresentKeyword.verifyTextPresent(VerifyTextPresentKeyword.groovy:83)
	at com.kms.katalon.core.webui.keyword.builtin.VerifyTextPresentKeyword.execute(VerifyTextPresentKeyword.groovy:68)
	at com.kms.katalon.core.keyword.internal.KeywordExecutor.executeKeywordForPlatform(KeywordExecutor.groovy:73)
	at com.kms.katalon.core.webui.keyword.WebUiBuiltInKeywords.verifyTextPresent(WebUiBuiltInKeywords.groovy:1720)
	at com.kms.katalon.core.webui.keyword.WebUiBuiltInKeywords$verifyTextPresent$5.call(Unknown Source)
	at TC_As public user , Trigger URL validation with invalid formats.run(TC_As public user , Trigger URL validation with invalid formats:24)
	at com.kms.katalon.core.main.ScriptEngine.run(ScriptEngine.java:194)
	at com.kms.katalon.core.main.ScriptEngine.runScriptAsRawText(ScriptEngine.java:119)
	at com.kms.katalon.core.main.TestCaseExecutor.runScript(TestCaseExecutor.java:394)
	at com.kms.katalon.core.main.TestCaseExecutor.doExecute(TestCaseExecutor.java:385)
	at com.kms.katalon.core.main.TestCaseExecutor.processExecutionPhase(TestCaseExecutor.java:364)
	at com.kms.katalon.core.main.TestCaseExecutor.accessMainPhase(TestCaseExecutor.java:356)
	at com.kms.katalon.core.main.TestCaseExecutor.execute(TestCaseExecutor.java:251)
	at com.kms.katalon.core.main.TestSuiteExecutor.accessTestCaseMainPhase(TestSuiteExecutor.java:203)
	at com.kms.katalon.core.main.TestSuiteExecutor.accessTestSuiteMainPhase(TestSuiteExecutor.java:152)
	at com.kms.katalon.core.main.TestSuiteExecutor.execute(TestSuiteExecutor.java:95)
	at com.kms.katalon.core.main.TestCaseMain.startTestSuite(TestCaseMain.java:157)
	at com.kms.katalon.core.main.TestCaseMain$startTestSuite$0.call(Unknown Source)
	at TempTestSuite1613409412592.run(TempTestSuite1613409412592.groovy:39)
Caused by: com.kms.katalon.core.exception.StepFailedException: Text 'URL format is not valid.' is not present on page 
	at com.kms.katalon.core.webui.keyword.internal.WebUIKeywordMain.stepFailed(WebUIKeywordMain.groovy:64)
	at com.kms.katalon.core.webui.keyword.builtin.VerifyTextPresentKeyword$_verifyTextPresent_closure1.doCall(VerifyTextPresentKeyword.groovy:79)
	at com.kms.katalon.core.webui.keyword.builtin.VerifyTextPresentKeyword$_verifyTextPresent_closure1.call(VerifyTextPresentKeyword.groovy)
	at com.kms.katalon.core.webui.keyword.internal.WebUIKeywordMain.runKeyword(WebUIKeywordMain.groovy:20)
	... 19 more


2021-02-15 23:05:46 - [TEST_STEP][PASSED] - customKeywords.commanFunctions.openBrowser(): customKeywords.commanFunctions.openBrowser is PASSED

2021-02-15 23:05:47 - [MESSAGE][INFO] - Starting 'Firefox' driver

2021-02-15 23:05:47 - [MESSAGE][INFO] - Action delay is set to 0 milliseconds

2021-02-15 23:05:57 - [MESSAGE][PASSED] - Browser is opened with url: 'https://Inspect.Stage.site.sa'

2021-02-15 23:05:57 - [MESSAGE][PASSED] - Current window maximized

2021-02-15 23:05:57 - [MESSAGE][PASSED] - Wait for page load successfully

2021-02-15 23:05:57 - [MESSAGE][PASSED] - customKeywords.commanFunctions.openBrowser is PASSED

2021-02-15 23:05:57 - [TEST_STEP][PASSED] - excelTestData = findTestData("Data Files/TestData/InspectTestData"): null

2021-02-15 23:05:57 - [TEST_STEP][PASSED] - click(findTestObject("Object Repository/PublicUserHomePage/UrlTab")): Object: 'Object Repository/PublicUserHomePage/UrlTab' is clicked on

2021-02-15 23:05:58 - [MESSAGE][PASSED] - Object: 'Object Repository/PublicUserHomePage/UrlTab' is clicked on

2021-02-15 23:05:58 - [TEST_STEP][PASSED] - ErrorValidationMessage = excelTestData.getValue(3, 42): null

2021-02-15 23:05:58 - [TEST_STEP][FAILED] - for ([i = 42, i <= 46, (i++)]): Unable to verify text 'URL format is not valid.' is present  (Root cause: com.kms.katalon.core.exception.StepFailedException: Unable to verify text 'URL format is not valid.' is present 
	at com.kms.katalon.core.webui.keyword.internal.WebUIKeywordMain.stepFailed(WebUIKeywordMain.groovy:64)
	at com.kms.katalon.core.webui.keyword.internal.WebUIKeywordMain.runKeyword(WebUIKeywordMain.groovy:26)
	at com.kms.katalon.core.webui.keyword.builtin.VerifyTextPresentKeyword.verifyTextPresent(VerifyTextPresentKeyword.groovy:83)
	at com.kms.katalon.core.webui.keyword.builtin.VerifyTextPresentKeyword.execute(VerifyTextPresentKeyword.groovy:68)
	at com.kms.katalon.core.keyword.internal.KeywordExecutor.executeKeywordForPlatform(KeywordExecutor.groovy:73)
	at com.kms.katalon.core.webui.keyword.WebUiBuiltInKeywords.verifyTextPresent(WebUiBuiltInKeywords.groovy:1720)
	at com.kms.katalon.core.webui.keyword.WebUiBuiltInKeywords$verifyTextPresent$5.call(Unknown Source)
	at TC_As public user , Trigger URL validation with invalid formats.run(TC_As public user , Trigger URL validation with invalid formats:24)
	at com.kms.katalon.core.main.ScriptEngine.run(ScriptEngine.java:194)
	at com.kms.katalon.core.main.ScriptEngine.runScriptAsRawText(ScriptEngine.java:119)
	at com.kms.katalon.core.main.TestCaseExecutor.runScript(TestCaseExecutor.java:394)
	at com.kms.katalon.core.main.TestCaseExecutor.doExecute(TestCaseExecutor.java:385)
	at com.kms.katalon.core.main.TestCaseExecutor.processExecutionPhase(TestCaseExecutor.java:364)
	at com.kms.katalon.core.main.TestCaseExecutor.accessMainPhase(TestCaseExecutor.java:356)
	at com.kms.katalon.core.main.TestCaseExecutor.execute(TestCaseExecutor.java:251)
	at com.kms.katalon.core.main.TestSuiteExecutor.accessTestCaseMainPhase(TestSuiteExecutor.java:203)
	at com.kms.katalon.core.main.TestSuiteExecutor.accessTestSuiteMainPhase(TestSuiteExecutor.java:152)
	at com.kms.katalon.core.main.TestSuiteExecutor.execute(TestSuiteExecutor.java:95)
	at com.kms.katalon.core.main.TestCaseMain.startTestSuite(TestCaseMain.java:157)
	at com.kms.katalon.core.main.TestCaseMain$startTestSuite$0.call(Unknown Source)
	at TempTestSuite1613409412592.run(TempTestSuite1613409412592.groovy:39)
Caused by: com.kms.katalon.core.exception.StepFailedException: Text 'URL format is not valid.' is not present on page 
	at com.kms.katalon.core.webui.keyword.internal.WebUIKeywordMain.stepFailed(WebUIKeywordMain.groovy:64)
	at com.kms.katalon.core.webui.keyword.builtin.VerifyTextPresentKeyword$_verifyTextPresent_closure1.doCall(VerifyTextPresentKeyword.groovy:79)
	at com.kms.katalon.core.webui.keyword.builtin.VerifyTextPresentKeyword$_verifyTextPresent_closure1.call(VerifyTextPresentKeyword.groovy)
	at com.kms.katalon.core.webui.keyword.internal.WebUIKeywordMain.runKeyword(WebUIKeywordMain.groovy:20)
	... 19 more
)

2021-02-15 23:05:58 - [TEST_STEP][PASSED] - IncorrectURLs = excelTestData.getValue(2, i): null

2021-02-15 23:05:58 - [TEST_STEP][PASSED] - sendKeys(findTestObject("Object Repository/HomePage/PleaseEnterURL_Input"), IncorrectURLs): Keys 'https://www.slideshare.net/socialogilvy ' sent to object: 'Object Repository/HomePage/PleaseEnterURL_Input'

2021-02-15 23:05:58 - [MESSAGE][PASSED] - Keys 'https://www.slideshare.net/socialogilvy ' sent to object: 'Object Repository/HomePage/PleaseEnterURL_Input'

2021-02-15 23:05:58 - [TEST_STEP][PASSED] - verifyTextPresent(ErrorValidationMessage, false): Text 'URL format is not valid.' is present on page 

2021-02-15 23:05:59 - [MESSAGE][PASSED] - Text 'URL format is not valid.' is present on page 

2021-02-15 23:05:59 - [TEST_STEP][PASSED] - clearText(findTestObject("Object Repository/HomePage/PleaseEnterURL_Input")): Text of object 'Object Repository/HomePage/PleaseEnterURL_Input' is cleared

2021-02-15 23:06:00 - [MESSAGE][PASSED] - Text of object 'Object Repository/HomePage/PleaseEnterURL_Input' is cleared

2021-02-15 23:06:00 - [TEST_STEP][PASSED] - IncorrectURLs = excelTestData.getValue(2, i): null

2021-02-15 23:06:00 - [TEST_STEP][PASSED] - sendKeys(findTestObject("Object Repository/HomePage/PleaseEnterURL_Input"), IncorrectURLs): Keys 'htps://www.slideshare.net/socialogilvy' sent to object: 'Object Repository/HomePage/PleaseEnterURL_Input'

2021-02-15 23:06:00 - [MESSAGE][PASSED] - Keys 'htps://www.slideshare.net/socialogilvy' sent to object: 'Object Repository/HomePage/PleaseEnterURL_Input'

2021-02-15 23:06:00 - [TEST_STEP][PASSED] - verifyTextPresent(ErrorValidationMessage, false): Text 'URL format is not valid.' is present on page 

2021-02-15 23:06:01 - [MESSAGE][PASSED] - Text 'URL format is not valid.' is present on page 

2021-02-15 23:06:01 - [TEST_STEP][PASSED] - clearText(findTestObject("Object Repository/HomePage/PleaseEnterURL_Input")): Text of object 'Object Repository/HomePage/PleaseEnterURL_Input' is cleared

2021-02-15 23:06:01 - [MESSAGE][PASSED] - Text of object 'Object Repository/HomePage/PleaseEnterURL_Input' is cleared

2021-02-15 23:06:01 - [TEST_STEP][PASSED] - IncorrectURLs = excelTestData.getValue(2, i): null

2021-02-15 23:06:01 - [TEST_STEP][PASSED] - sendKeys(findTestObject("Object Repository/HomePage/PleaseEnterURL_Input"), IncorrectURLs): Keys 'https://ww.slideshare.net/socialogilvy' sent to object: 'Object Repository/HomePage/PleaseEnterURL_Input'

2021-02-15 23:06:01 - [MESSAGE][PASSED] - Keys 'https://ww.slideshare.net/socialogilvy' sent to object: 'Object Repository/HomePage/PleaseEnterURL_Input'

2021-02-15 23:06:01 - [TEST_STEP][FAILED] - verifyTextPresent(ErrorValidationMessage, false): Unable to verify text 'URL format is not valid.' is present  (Root cause: com.kms.katalon.core.exception.StepFailedException: Unable to verify text 'URL format is not valid.' is present 
	at com.kms.katalon.core.webui.keyword.internal.WebUIKeywordMain.stepFailed(WebUIKeywordMain.groovy:64)
	at com.kms.katalon.core.webui.keyword.internal.WebUIKeywordMain.runKeyword(WebUIKeywordMain.groovy:26)
	at com.kms.katalon.core.webui.keyword.builtin.VerifyTextPresentKeyword.verifyTextPresent(VerifyTextPresentKeyword.groovy:83)
	at com.kms.katalon.core.webui.keyword.builtin.VerifyTextPresentKeyword.execute(VerifyTextPresentKeyword.groovy:68)
	at com.kms.katalon.core.keyword.internal.KeywordExecutor.executeKeywordForPlatform(KeywordExecutor.groovy:73)
	at com.kms.katalon.core.webui.keyword.WebUiBuiltInKeywords.verifyTextPresent(WebUiBuiltInKeywords.groovy:1720)
	at com.kms.katalon.core.webui.keyword.WebUiBuiltInKeywords$verifyTextPresent$5.call(Unknown Source)
	at TC_As public user , Trigger URL validation with invalid formats.run(TC_As public user , Trigger URL validation with invalid formats:24)
	at com.kms.katalon.core.main.ScriptEngine.run(ScriptEngine.java:194)
	at com.kms.katalon.core.main.ScriptEngine.runScriptAsRawText(ScriptEngine.java:119)
	at com.kms.katalon.core.main.TestCaseExecutor.runScript(TestCaseExecutor.java:394)
	at com.kms.katalon.core.main.TestCaseExecutor.doExecute(TestCaseExecutor.java:385)
	at com.kms.katalon.core.main.TestCaseExecutor.processExecutionPhase(TestCaseExecutor.java:364)
	at com.kms.katalon.core.main.TestCaseExecutor.accessMainPhase(TestCaseExecutor.java:356)
	at com.kms.katalon.core.main.TestCaseExecutor.execute(TestCaseExecutor.java:251)
	at com.kms.katalon.core.main.TestSuiteExecutor.accessTestCaseMainPhase(TestSuiteExecutor.java:203)
	at com.kms.katalon.core.main.TestSuiteExecutor.accessTestSuiteMainPhase(TestSuiteExecutor.java:152)
	at com.kms.katalon.core.main.TestSuiteExecutor.execute(TestSuiteExecutor.java:95)
	at com.kms.katalon.core.main.TestCaseMain.startTestSuite(TestCaseMain.java:157)
	at com.kms.katalon.core.main.TestCaseMain$startTestSuite$0.call(Unknown Source)
	at TempTestSuite1613409412592.run(TempTestSuite1613409412592.groovy:39)
Caused by: com.kms.katalon.core.exception.StepFailedException: Text 'URL format is not valid.' is not present on page 
	at com.kms.katalon.core.webui.keyword.internal.WebUIKeywordMain.stepFailed(WebUIKeywordMain.groovy:64)
	at com.kms.katalon.core.webui.keyword.builtin.VerifyTextPresentKeyword$_verifyTextPresent_closure1.doCall(VerifyTextPresentKeyword.groovy:79)
	at com.kms.katalon.core.webui.keyword.builtin.VerifyTextPresentKeyword$_verifyTextPresent_closure1.call(VerifyTextPresentKeyword.groovy)
	at com.kms.katalon.core.webui.keyword.internal.WebUIKeywordMain.runKeyword(WebUIKeywordMain.groovy:20)
	... 19 more
)

2021-02-15 23:06:02 - [MESSAGE][FAILED] - Text 'URL format is not valid.' is not present on page  (Root cause: com.kms.katalon.core.exception.StepFailedException: Text 'URL format is not valid.' is not present on page 
	at com.kms.katalon.core.webui.keyword.internal.WebUIKeywordMain.stepFailed(WebUIKeywordMain.groovy:64)
	at com.kms.katalon.core.webui.keyword.builtin.VerifyTextPresentKeyword$_verifyTextPresent_closure1.doCall(VerifyTextPresentKeyword.groovy:79)
	at com.kms.katalon.core.webui.keyword.builtin.VerifyTextPresentKeyword$_verifyTextPresent_closure1.call(VerifyTextPresentKeyword.groovy)
	at com.kms.katalon.core.webui.keyword.internal.WebUIKeywordMain.runKeyword(WebUIKeywordMain.groovy:20)
	at com.kms.katalon.core.webui.keyword.builtin.VerifyTextPresentKeyword.verifyTextPresent(VerifyTextPresentKeyword.groovy:83)
	at com.kms.katalon.core.webui.keyword.builtin.VerifyTextPresentKeyword.execute(VerifyTextPresentKeyword.groovy:68)
	at com.kms.katalon.core.keyword.internal.KeywordExecutor.executeKeywordForPlatform(KeywordExecutor.groovy:73)
	at com.kms.katalon.core.webui.keyword.WebUiBuiltInKeywords.verifyTextPresent(WebUiBuiltInKeywords.groovy:1720)
	at com.kms.katalon.core.webui.keyword.WebUiBuiltInKeywords$verifyTextPresent$5.call(Unknown Source)
	at TC_As public user , Trigger URL validation with invalid formats.run(TC_As public user , Trigger URL validation with invalid formats:24)
	at com.kms.katalon.core.main.ScriptEngine.run(ScriptEngine.java:194)
	at com.kms.katalon.core.main.ScriptEngine.runScriptAsRawText(ScriptEngine.java:119)
	at com.kms.katalon.core.main.TestCaseExecutor.runScript(TestCaseExecutor.java:394)
	at com.kms.katalon.core.main.TestCaseExecutor.doExecute(TestCaseExecutor.java:385)
	at com.kms.katalon.core.main.TestCaseExecutor.processExecutionPhase(TestCaseExecutor.java:364)
	at com.kms.katalon.core.main.TestCaseExecutor.accessMainPhase(TestCaseExecutor.java:356)
	at com.kms.katalon.core.main.TestCaseExecutor.execute(TestCaseExecutor.java:251)
	at com.kms.katalon.core.main.TestSuiteExecutor.accessTestCaseMainPhase(TestSuiteExecutor.java:203)
	at com.kms.katalon.core.main.TestSuiteExecutor.accessTestSuiteMainPhase(TestSuiteExecutor.java:152)
	at com.kms.katalon.core.main.TestSuiteExecutor.execute(TestSuiteExecutor.java:95)
	at com.kms.katalon.core.main.TestCaseMain.startTestSuite(TestCaseMain.java:157)
	at com.kms.katalon.core.main.TestCaseMain$startTestSuite$0.call(Unknown Source)
	at TempTestSuite1613409412592.run(TempTestSuite1613409412592.groovy:39)
)

2021-02-15 23:06:02 - [MESSAGE][FAILED] - Unable to verify text 'URL format is not valid.' is present  (Root cause: com.kms.katalon.core.exception.StepFailedException: Unable to verify text 'URL format is not valid.' is present 
	at com.kms.katalon.core.webui.keyword.internal.WebUIKeywordMain.stepFailed(WebUIKeywordMain.groovy:64)
	at com.kms.katalon.core.webui.keyword.internal.WebUIKeywordMain.runKeyword(WebUIKeywordMain.groovy:26)
	at com.kms.katalon.core.webui.keyword.builtin.VerifyTextPresentKeyword.verifyTextPresent(VerifyTextPresentKeyword.groovy:83)
	at com.kms.katalon.core.webui.keyword.builtin.VerifyTextPresentKeyword.execute(VerifyTextPresentKeyword.groovy:68)
	at com.kms.katalon.core.keyword.internal.KeywordExecutor.executeKeywordForPlatform(KeywordExecutor.groovy:73)
	at com.kms.katalon.core.webui.keyword.WebUiBuiltInKeywords.verifyTextPresent(WebUiBuiltInKeywords.groovy:1720)
	at com.kms.katalon.core.webui.keyword.WebUiBuiltInKeywords$verifyTextPresent$5.call(Unknown Source)
	at TC_As public user , Trigger URL validation with invalid formats.run(TC_As public user , Trigger URL validation with invalid formats:24)
	at com.kms.katalon.core.main.ScriptEngine.run(ScriptEngine.java:194)
	at com.kms.katalon.core.main.ScriptEngine.runScriptAsRawText(ScriptEngine.java:119)
	at com.kms.katalon.core.main.TestCaseExecutor.runScript(TestCaseExecutor.java:394)
	at com.kms.katalon.core.main.TestCaseExecutor.doExecute(TestCaseExecutor.java:385)
	at com.kms.katalon.core.main.TestCaseExecutor.processExecutionPhase(TestCaseExecutor.java:364)
	at com.kms.katalon.core.main.TestCaseExecutor.accessMainPhase(TestCaseExecutor.java:356)
	at com.kms.katalon.core.main.TestCaseExecutor.execute(TestCaseExecutor.java:251)
	at com.kms.katalon.core.main.TestSuiteExecutor.accessTestCaseMainPhase(TestSuiteExecutor.java:203)
	at com.kms.katalon.core.main.TestSuiteExecutor.accessTestSuiteMainPhase(TestSuiteExecutor.java:152)
	at com.kms.katalon.core.main.TestSuiteExecutor.execute(TestSuiteExecutor.java:95)
	at com.kms.katalon.core.main.TestCaseMain.startTestSuite(TestCaseMain.java:157)
	at com.kms.katalon.core.main.TestCaseMain$startTestSuite$0.call(Unknown Source)
	at TempTestSuite1613409412592.run(TempTestSuite1613409412592.groovy:39)
Caused by: com.kms.katalon.core.exception.StepFailedException: Text 'URL format is not valid.' is not present on page 
	at com.kms.katalon.core.webui.keyword.internal.WebUIKeywordMain.stepFailed(WebUIKeywordMain.groovy:64)
	at com.kms.katalon.core.webui.keyword.builtin.VerifyTextPresentKeyword$_verifyTextPresent_closure1.doCall(VerifyTextPresentKeyword.groovy:79)
	at com.kms.katalon.core.webui.keyword.builtin.VerifyTextPresentKeyword$_verifyTextPresent_closure1.call(VerifyTextPresentKeyword.groovy)
	at com.kms.katalon.core.webui.keyword.internal.WebUIKeywordMain.runKeyword(WebUIKeywordMain.groovy:20)
	... 19 more
)
[[ATTACHMENT|E:\\Inspect\\15022021\\SiteInspectAutomation\\Reports\\20210215_224649\\Regression_Suite\\PublicUser_Suite\\PublicUser_URL\\20210215_224652\\1613410562552.png]]

2021-02-15 23:06:02 - [TEST_STEP][PASSED] - Start tear down : tearDownMethodIfFailed: Method 'tearDownMethodIfFailed' complete successfully

2021-02-15 23:06:02 - [TEST_STEP][PASSED] - customKeywords.commanFunctions.onlyCloseBrowser(): customKeywords.commanFunctions.onlyCloseBrowser is PASSED

2021-02-15 23:06:03 - [MESSAGE][PASSED] - Browser is closed

2021-02-15 23:06:03 - [MESSAGE][PASSED] - customKeywords.commanFunctions.onlyCloseBrowser is PASSED

2021-02-15 23:06:03 - [TEST_STEP][PASSED] - logInfo("[--------This is tearDownIfFailed method------]"): [--------This is tearDownIfFailed method------]

2021-02-15 23:06:03 - [MESSAGE][INFO] - [--------This is tearDownIfFailed method------]

2021-02-15 23:06:03 - [MESSAGE][PASSED] - Method 'tearDownMethodIfFailed' complete successfully]]></system-out>
         <system-err><![CDATA[2021-02-15 23:05:46 - [TEST_CASE][FAILED] - Test Cases/UploadDiffURLs_PublicUser/TC_As public user , Trigger URL validation with invalid formats: Test Cases/UploadDiffURLs_PublicUser/TC_As public user , Trigger URL validation with invalid formats FAILED.
Reason:
com.kms.katalon.core.exception.StepFailedException: Unable to verify text 'URL format is not valid.' is present 
	at com.kms.katalon.core.webui.keyword.internal.WebUIKeywordMain.stepFailed(WebUIKeywordMain.groovy:64)
	at com.kms.katalon.core.webui.keyword.internal.WebUIKeywordMain.runKeyword(WebUIKeywordMain.groovy:26)
	at com.kms.katalon.core.webui.keyword.builtin.VerifyTextPresentKeyword.verifyTextPresent(VerifyTextPresentKeyword.groovy:83)
	at com.kms.katalon.core.webui.keyword.builtin.VerifyTextPresentKeyword.execute(VerifyTextPresentKeyword.groovy:68)
	at com.kms.katalon.core.keyword.internal.KeywordExecutor.executeKeywordForPlatform(KeywordExecutor.groovy:73)
	at com.kms.katalon.core.webui.keyword.WebUiBuiltInKeywords.verifyTextPresent(WebUiBuiltInKeywords.groovy:1720)
	at com.kms.katalon.core.webui.keyword.WebUiBuiltInKeywords$verifyTextPresent$5.call(Unknown Source)
	at TC_As public user , Trigger URL validation with invalid formats.run(TC_As public user , Trigger URL validation with invalid formats:24)
	at com.kms.katalon.core.main.ScriptEngine.run(ScriptEngine.java:194)
	at com.kms.katalon.core.main.ScriptEngine.runScriptAsRawText(ScriptEngine.java:119)
	at com.kms.katalon.core.main.TestCaseExecutor.runScript(TestCaseExecutor.java:394)
	at com.kms.katalon.core.main.TestCaseExecutor.doExecute(TestCaseExecutor.java:385)
	at com.kms.katalon.core.main.TestCaseExecutor.processExecutionPhase(TestCaseExecutor.java:364)
	at com.kms.katalon.core.main.TestCaseExecutor.accessMainPhase(TestCaseExecutor.java:356)
	at com.kms.katalon.core.main.TestCaseExecutor.execute(TestCaseExecutor.java:251)
	at com.kms.katalon.core.main.TestSuiteExecutor.accessTestCaseMainPhase(TestSuiteExecutor.java:203)
	at com.kms.katalon.core.main.TestSuiteExecutor.accessTestSuiteMainPhase(TestSuiteExecutor.java:152)
	at com.kms.katalon.core.main.TestSuiteExecutor.execute(TestSuiteExecutor.java:95)
	at com.kms.katalon.core.main.TestCaseMain.startTestSuite(TestCaseMain.java:157)
	at com.kms.katalon.core.main.TestCaseMain$startTestSuite$0.call(Unknown Source)
	at TempTestSuite1613409412592.run(TempTestSuite1613409412592.groovy:39)
Caused by: com.kms.katalon.core.exception.StepFailedException: Text 'URL format is not valid.' is not present on page 
	at com.kms.katalon.core.webui.keyword.internal.WebUIKeywordMain.stepFailed(WebUIKeywordMain.groovy:64)
	at com.kms.katalon.core.webui.keyword.builtin.VerifyTextPresentKeyword$_verifyTextPresent_closure1.doCall(VerifyTextPresentKeyword.groovy:79)
	at com.kms.katalon.core.webui.keyword.builtin.VerifyTextPresentKeyword$_verifyTextPresent_closure1.call(VerifyTextPresentKeyword.groovy)
	at com.kms.katalon.core.webui.keyword.internal.WebUIKeywordMain.runKeyword(WebUIKeywordMain.groovy:20)
	... 19 more]]></system-err>
      </testcase>
      <system-out><![CDATA[2021-02-15 23:05:42 - [TEST_SUITE][ERROR] - PublicUser_URL: Test Cases/UploadDiffURLs_PublicUser/TC_As a public user, Successfully submit the URL FAILED.
Reason:
java.lang.IllegalArgumentException: Invalid row index 370 for test data 'E:\Inspect\15022021\SiteInspectAutomation\Project_ReqFiles\Auto_TestData\SITE_InspectAutoTestData.xlsx'. Row index must be between 1..292
	at com.kms.katalon.core.testdata.AbstractTestData.verifyRowIndex(AbstractTestData.java:54)
	at com.kms.katalon.core.testdata.AbstractTestData.getObjectValue(AbstractTestData.java:121)
	at com.kms.katalon.core.testdata.AbstractTestData.getValue(AbstractTestData.java:94)
	at com.kms.katalon.core.testdata.TestData$getValue.call(Unknown Source)
	at TC_As a public user, Successfully submit the URL.run(TC_As a public user, Successfully submit the URL:12)
	at com.kms.katalon.core.main.ScriptEngine.run(ScriptEngine.java:194)
	at com.kms.katalon.core.main.ScriptEngine.runScriptAsRawText(ScriptEngine.java:119)
	at com.kms.katalon.core.main.TestCaseExecutor.runScript(TestCaseExecutor.java:394)
	at com.kms.katalon.core.main.TestCaseExecutor.doExecute(TestCaseExecutor.java:385)
	at com.kms.katalon.core.main.TestCaseExecutor.processExecutionPhase(TestCaseExecutor.java:364)
	at com.kms.katalon.core.main.TestCaseExecutor.accessMainPhase(TestCaseExecutor.java:356)
	at com.kms.katalon.core.main.TestCaseExecutor.execute(TestCaseExecutor.java:251)
	at com.kms.katalon.core.main.TestSuiteExecutor.accessTestCaseMainPhase(TestSuiteExecutor.java:203)
	at com.kms.katalon.core.main.TestSuiteExecutor.accessTestSuiteMainPhase(TestSuiteExecutor.java:152)
	at com.kms.katalon.core.main.TestSuiteExecutor.execute(TestSuiteExecutor.java:95)
	at com.kms.katalon.core.main.TestCaseMain.startTestSuite(TestCaseMain.java:157)
	at com.kms.katalon.core.main.TestCaseMain$startTestSuite$0.call(Unknown Source)
	at TempTestSuite1613409412592.run(TempTestSuite1613409412592.groovy:39)]]></system-out>
      <system-err><![CDATA[2021-02-15 23:05:42 - [TEST_SUITE][ERROR] - PublicUser_URL: Test Cases/UploadDiffURLs_PublicUser/TC_As a public user, Successfully submit the URL FAILED.
Reason:
java.lang.IllegalArgumentException: Invalid row index 370 for test data 'E:\Inspect\15022021\SiteInspectAutomation\Project_ReqFiles\Auto_TestData\SITE_InspectAutoTestData.xlsx'. Row index must be between 1..292
	at com.kms.katalon.core.testdata.AbstractTestData.verifyRowIndex(AbstractTestData.java:54)
	at com.kms.katalon.core.testdata.AbstractTestData.getObjectValue(AbstractTestData.java:121)
	at com.kms.katalon.core.testdata.AbstractTestData.getValue(AbstractTestData.java:94)
	at com.kms.katalon.core.testdata.TestData$getValue.call(Unknown Source)
	at TC_As a public user, Successfully submit the URL.run(TC_As a public user, Successfully submit the URL:12)
	at com.kms.katalon.core.main.ScriptEngine.run(ScriptEngine.java:194)
	at com.kms.katalon.core.main.ScriptEngine.runScriptAsRawText(ScriptEngine.java:119)
	at com.kms.katalon.core.main.TestCaseExecutor.runScript(TestCaseExecutor.java:394)
	at com.kms.katalon.core.main.TestCaseExecutor.doExecute(TestCaseExecutor.java:385)
	at com.kms.katalon.core.main.TestCaseExecutor.processExecutionPhase(TestCaseExecutor.java:364)
	at com.kms.katalon.core.main.TestCaseExecutor.accessMainPhase(TestCaseExecutor.java:356)
	at com.kms.katalon.core.main.TestCaseExecutor.execute(TestCaseExecutor.java:251)
	at com.kms.katalon.core.main.TestSuiteExecutor.accessTestCaseMainPhase(TestSuiteExecutor.java:203)
	at com.kms.katalon.core.main.TestSuiteExecutor.accessTestSuiteMainPhase(TestSuiteExecutor.java:152)
	at com.kms.katalon.core.main.TestSuiteExecutor.execute(TestSuiteExecutor.java:95)
	at com.kms.katalon.core.main.TestCaseMain.startTestSuite(TestCaseMain.java:157)
	at com.kms.katalon.core.main.TestCaseMain$startTestSuite$0.call(Unknown Source)
	at TempTestSuite1613409412592.run(TempTestSuite1613409412592.groovy:39)]]></system-err>
   </testsuite>
</testsuites>
